<?xml version="1.0" encoding="UTF-8"?>
<!-- Generated by org.testng.reporters.JUnitXMLReporter -->
<testsuite hostname="chandu-PC" ignored="0" name="Default test" tests="4" failures="0" timestamp="06 Jul 2021 11:20:09 GMT" time="85.608" errors="0">
  <testcase name="verifylogin" time="24.96" classname="june10.OrangeHRM"/>
  <testcase name="verifylogin" time="15.114" classname="june10.OrangeHRM"/>
  <testcase name="verifylogin" time="16.187" classname="june10.OrangeHRM"/>
  <testcase name="verifylogin" time="16.346" classname="june10.OrangeHRM"/>
</testsuite> <!-- Default test -->
