<?xml version="1.0" encoding="UTF-8"?>
<!-- Generated by org.testng.reporters.JUnitXMLReporter -->
<testsuite hostname="chandu-PC" ignored="0" name="chrome" tests="4" failures="0" timestamp="06 Jul 2021 12:02:12 GMT" time="93.373" errors="0">
  <testcase name="verifylogin" time="36.951" classname="june10.OrangeHRM"/>
  <testcase name="verifylogin" time="15.823" classname="june10.OrangeHRM"/>
  <testcase name="verifylogin" time="15.483" classname="june10.OrangeHRM"/>
  <testcase name="verifylogin" time="16.339" classname="june10.OrangeHRM"/>
</testsuite> <!-- chrome -->
